merchant_demo_app/android/app/build/intermediates/manifest_merge_blame_file/debug/manifest-merger-blame-debug-report.txt
1<?xml version="1.0" encoding="utf-8"?>
2<manifest xmlns:android="http://schemas.android.com/apk/res/android"
3    package="com.example.merchant_demo_app"
4    android:versionCode="1"
5    android:versionName="1.0.0" >
6
7    <uses-sdk
8        android:minSdkVersion="21"
9        android:targetSdkVersion="30" />
10    <!--
11         Flutter needs it to communicate with the running application
12         to allow setting breakpoints, to provide hot reload, etc.
13    -->
14    <uses-permission android:name="android.permission.INTERNET" />
14-->src\debug\AndroidManifest.xml:6:5-66
14-->src\debug\AndroidManifest.xml:6:22-64
15    <uses-permission android:name="android.permission.WAKE_LOCK" />
15-->[:firebase_messaging] AndroidManifest.xml:8:5-68
15-->[:firebase_messaging] AndroidManifest.xml:8:22-65
16    <uses-permission android:name="android.permission.ACCESS_NETWORK_STATE" />
16-->[:firebase_messaging] AndroidManifest.xml:9:5-79
16-->[:firebase_messaging] AndroidManifest.xml:9:22-76
17    <uses-permission android:name="android.permission.RECEIVE_BOOT_COMPLETED" />
17-->[:flutter_local_notifications] AndroidManifest.xml:7:5-81
17-->[:flutter_local_notifications] AndroidManifest.xml:7:22-78
18    <uses-permission android:name="android.permission.VIBRATE" />
18-->[:flutter_local_notifications] AndroidManifest.xml:8:5-66
18-->[:flutter_local_notifications] AndroidManifest.xml:8:22-63
19    <uses-permission android:name="android.permission.USE_FULL_SCREEN_INTENT" /> <!-- Required by older versions of Google Play services to create IID tokens -->
19-->[:flutter_local_notifications] AndroidManifest.xml:9:5-81
19-->[:flutter_local_notifications] AndroidManifest.xml:9:22-78
20    <uses-permission android:name="com.google.android.c2dm.permission.RECEIVE" />
20-->[com.google.firebase:firebase-messaging:22.0.0] AndroidManifest.xml:25:5-82
20-->[com.google.firebase:firebase-messaging:22.0.0] AndroidManifest.xml:25:22-79
21
22    <application
22-->src\main\AndroidManifest.xml:3:4-40:19
23        android:appComponentFactory="androidx.core.app.CoreComponentFactory"
23-->[androidx.core:core:1.3.0] AndroidManifest.xml:24:18-86
24        android:debuggable="true"
25        android:icon="@mipmap/ic_launcher"
25-->src\main\AndroidManifest.xml:5:9-43
26        android:label="Merchant App" >
26-->src\main\AndroidManifest.xml:4:9-37
27        <activity
27-->src\main\AndroidManifest.xml:6:9-34:20
28            android:name="com.example.merchant_demo_app.MainActivity"
28-->src\main\AndroidManifest.xml:7:13-41
29            android:configChanges="orientation|keyboardHidden|keyboard|screenSize|smallestScreenSize|locale|layoutDirection|fontScale|screenLayout|density|uiMode"
29-->src\main\AndroidManifest.xml:10:13-163
30            android:hardwareAccelerated="true"
30-->src\main\AndroidManifest.xml:11:13-47
31            android:launchMode="singleTop"
31-->src\main\AndroidManifest.xml:8:13-43
32            android:theme="@style/LaunchTheme"
32-->src\main\AndroidManifest.xml:9:13-47
33            android:windowSoftInputMode="adjustResize" >
33-->src\main\AndroidManifest.xml:12:13-55
34
35            <!--
36                 Specifies an Android theme to apply to this Activity as soon as
37                 the Android process has started. This theme is visible to the user
38                 while the Flutter UI initializes. After that, this theme continues
39                 to determine the Window background behind the Flutter UI.
40            -->
41            <meta-data
41-->src\main\AndroidManifest.xml:17:13-20:17
42                android:name="io.flutter.embedding.android.NormalTheme"
42-->src\main\AndroidManifest.xml:18:15-70
43                android:resource="@style/NormalTheme" />
43-->src\main\AndroidManifest.xml:19:15-52
44            <!--
45                 Displays an Android View that continues showing the launch screen
46                 Drawable until Flutter paints its first frame, then this splash
47                 screen fades out. A splash screen is useful to avoid any visual
48                 gap between the end of Android's launch screen and the painting of
49                 Flutter's first frame.
50            -->
51            <meta-data
51-->src\main\AndroidManifest.xml:26:13-29:17
52                android:name="io.flutter.embedding.android.SplashScreenDrawable"
52-->src\main\AndroidManifest.xml:27:15-79
53                android:resource="@drawable/launch_background" />
53-->src\main\AndroidManifest.xml:28:15-61
54
55            <intent-filter>
55-->src\main\AndroidManifest.xml:30:13-33:29
56                <action android:name="android.intent.action.MAIN" />
56-->src\main\AndroidManifest.xml:31:17-68
56-->src\main\AndroidManifest.xml:31:25-66
57
58                <category android:name="android.intent.category.LAUNCHER" />
58-->src\main\AndroidManifest.xml:32:17-76
58-->src\main\AndroidManifest.xml:32:27-74
59            </intent-filter>
60        </activity>
61        <!--
62             Don't delete the meta-data below.
63             This is used by the Flutter tool to generate GeneratedPluginRegistrant.java
64        -->
65        <meta-data
65-->src\main\AndroidManifest.xml:37:9-39:33
66            android:name="flutterEmbedding"
66-->src\main\AndroidManifest.xml:38:13-44
67            android:value="2" />
67-->src\main\AndroidManifest.xml:39:13-30
68
69        <service
69-->[:firebase_messaging] AndroidManifest.xml:12:9-15:72
70            android:name="io.flutter.plugins.firebase.messaging.FlutterFirebaseMessagingBackgroundService"
70-->[:firebase_messaging] AndroidManifest.xml:13:13-107
71            android:exported="false"
71-->[:firebase_messaging] AndroidManifest.xml:14:13-37
72            android:permission="android.permission.BIND_JOB_SERVICE" />
72-->[:firebase_messaging] AndroidManifest.xml:15:13-69
73        <service
73-->[:firebase_messaging] AndroidManifest.xml:16:9-22:19
74            android:name="io.flutter.plugins.firebase.messaging.FlutterFirebaseMessagingService"
74-->[:firebase_messaging] AndroidManifest.xml:17:13-97
75            android:exported="false" >
75-->[:firebase_messaging] AndroidManifest.xml:18:13-37
76            <intent-filter>
76-->[:firebase_messaging] AndroidManifest.xml:19:13-21:29
77                <action android:name="com.google.firebase.MESSAGING_EVENT" />
77-->[:firebase_messaging] AndroidManifest.xml:20:17-78
77-->[:firebase_messaging] AndroidManifest.xml:20:25-75
78            </intent-filter>
79        </service>
80
81        <receiver
81-->[:firebase_messaging] AndroidManifest.xml:24:9-31:20
82            android:name="io.flutter.plugins.firebase.messaging.FlutterFirebaseMessagingReceiver"
82-->[:firebase_messaging] AndroidManifest.xml:25:13-98
83            android:exported="true"
83-->[:firebase_messaging] AndroidManifest.xml:26:13-36
84            android:permission="com.google.android.c2dm.permission.SEND" >
84-->[:firebase_messaging] AndroidManifest.xml:27:13-73
85            <intent-filter>
85-->[:firebase_messaging] AndroidManifest.xml:28:13-30:29
86                <action android:name="com.google.android.c2dm.intent.RECEIVE" />
86-->[:firebase_messaging] AndroidManifest.xml:29:17-81
86-->[:firebase_messaging] AndroidManifest.xml:29:25-78
87            </intent-filter>
88        </receiver>
89
90        <service
90-->[:firebase_messaging] AndroidManifest.xml:33:9-37:19
91            android:name="com.google.firebase.components.ComponentDiscoveryService"
91-->[:firebase_messaging] AndroidManifest.xml:33:18-89
92            android:directBootAware="true"
92-->[com.google.firebase:firebase-common:20.0.0] AndroidManifest.xml:35:13-43
93            android:exported="false" >
93-->[com.google.firebase:firebase-messaging:22.0.0] AndroidManifest.xml:51:13-37
94            <meta-data
94-->[:firebase_messaging] AndroidManifest.xml:34:13-36:85
95                android:name="com.google.firebase.components:io.flutter.plugins.firebase.messaging.FlutterFirebaseAppRegistrar"
95-->[:firebase_messaging] AndroidManifest.xml:35:17-128
96                android:value="com.google.firebase.components.ComponentRegistrar" />
96-->[:firebase_messaging] AndroidManifest.xml:36:17-82
97            <meta-data
97-->[:firebase_core] AndroidManifest.xml:9:13-11:85
98                android:name="com.google.firebase.components:io.flutter.plugins.firebase.core.FlutterFirebaseCoreRegistrar"
98-->[:firebase_core] AndroidManifest.xml:10:17-124
99                android:value="com.google.firebase.components.ComponentRegistrar" />
99-->[:firebase_core] AndroidManifest.xml:11:17-82
100            <meta-data
100-->[com.google.firebase:firebase-messaging:22.0.0] AndroidManifest.xml:52:13-54:85
101                android:name="com.google.firebase.components:com.google.firebase.messaging.FirebaseMessagingRegistrar"
101-->[com.google.firebase:firebase-messaging:22.0.0] AndroidManifest.xml:53:17-119
102                android:value="com.google.firebase.components.ComponentRegistrar" />
102-->[com.google.firebase:firebase-messaging:22.0.0] AndroidManifest.xml:54:17-82
103            <meta-data
103-->[com.google.firebase:firebase-datatransport:18.0.0] AndroidManifest.xml:28:13-30:85
104                android:name="com.google.firebase.components:com.google.firebase.datatransport.TransportRegistrar"
104-->[com.google.firebase:firebase-datatransport:18.0.0] AndroidManifest.xml:29:17-115
105                android:value="com.google.firebase.components.ComponentRegistrar" />
105-->[com.google.firebase:firebase-datatransport:18.0.0] AndroidManifest.xml:30:17-82
106            <meta-data
106-->[com.google.firebase:firebase-installations:17.0.0] AndroidManifest.xml:18:13-20:85
107                android:name="com.google.firebase.components:com.google.firebase.installations.FirebaseInstallationsRegistrar"
107-->[com.google.firebase:firebase-installations:17.0.0] AndroidManifest.xml:19:17-127
108                android:value="com.google.firebase.components.ComponentRegistrar" />
108-->[com.google.firebase:firebase-installations:17.0.0] AndroidManifest.xml:20:17-82
109        </service>
110
111        <provider
111-->[:firebase_messaging] AndroidManifest.xml:39:9-43:38
112            android:name="io.flutter.plugins.firebase.messaging.FlutterFirebaseMessagingInitProvider"
112-->[:firebase_messaging] AndroidManifest.xml:40:13-102
113            android:authorities="com.example.merchant_demo_app.flutterfirebasemessaginginitprovider"
113-->[:firebase_messaging] AndroidManifest.xml:41:13-88
114            android:exported="false"
114-->[:firebase_messaging] AndroidManifest.xml:42:13-37
115            android:initOrder="99" />
115-->[:firebase_messaging] AndroidManifest.xml:43:13-35
116
117        <receiver android:name="com.dexterous.flutterlocalnotifications.ScheduledNotificationReceiver" />
117-->[:flutter_local_notifications] AndroidManifest.xml:12:9-106
117-->[:flutter_local_notifications] AndroidManifest.xml:12:19-103
118        <receiver android:name="com.dexterous.flutterlocalnotifications.ScheduledNotificationBootReceiver" >
118-->[:flutter_local_notifications] AndroidManifest.xml:13:9-20:20
118-->[:flutter_local_notifications] AndroidManifest.xml:13:19-107
119            <intent-filter>
119-->[:flutter_local_notifications] AndroidManifest.xml:14:13-19:29
120                <action android:name="android.intent.action.BOOT_COMPLETED" />
120-->[:flutter_local_notifications] AndroidManifest.xml:15:17-79
120-->[:flutter_local_notifications] AndroidManifest.xml:15:25-76
121                <action android:name="android.intent.action.MY_PACKAGE_REPLACED" />
121-->[:flutter_local_notifications] AndroidManifest.xml:16:17-84
121-->[:flutter_local_notifications] AndroidManifest.xml:16:25-81
122                <action android:name="android.intent.action.QUICKBOOT_POWERON" />
122-->[:flutter_local_notifications] AndroidManifest.xml:17:17-82
122-->[:flutter_local_notifications] AndroidManifest.xml:17:25-79
123                <action android:name="com.htc.intent.action.QUICKBOOT_POWERON" />
123-->[:flutter_local_notifications] AndroidManifest.xml:18:17-82
123-->[:flutter_local_notifications] AndroidManifest.xml:18:25-79
124            </intent-filter>
125        </receiver>
126        <receiver
126-->[com.google.firebase:firebase-messaging:22.0.0] AndroidManifest.xml:28:9-35:20
127            android:name="com.google.firebase.iid.FirebaseInstanceIdReceiver"
127-->[com.google.firebase:firebase-messaging:22.0.0] AndroidManifest.xml:29:13-78
128            android:exported="true"
128-->[com.google.firebase:firebase-messaging:22.0.0] AndroidManifest.xml:30:13-36
129            android:permission="com.google.android.c2dm.permission.SEND" >
129-->[com.google.firebase:firebase-messaging:22.0.0] AndroidManifest.xml:31:13-73
130            <intent-filter>
130-->[:firebase_messaging] AndroidManifest.xml:28:13-30:29
131                <action android:name="com.google.android.c2dm.intent.RECEIVE" />
131-->[:firebase_messaging] AndroidManifest.xml:29:17-81
131-->[:firebase_messaging] AndroidManifest.xml:29:25-78
132            </intent-filter>
133        </receiver>
134        <!--
135             FirebaseMessagingService performs security checks at runtime,
136             but set to not exported to explicitly avoid allowing another app to call it.
137        -->
138        <service
138-->[com.google.firebase:firebase-messaging:22.0.0] AndroidManifest.xml:41:9-48:19
139            android:name="com.google.firebase.messaging.FirebaseMessagingService"
139-->[com.google.firebase:firebase-messaging:22.0.0] AndroidManifest.xml:42:13-82
140            android:directBootAware="true"
140-->[com.google.firebase:firebase-messaging:22.0.0] AndroidManifest.xml:43:13-43
141            android:exported="false" >
141-->[com.google.firebase:firebase-messaging:22.0.0] AndroidManifest.xml:44:13-37
142            <intent-filter android:priority="-500" >
142-->[:firebase_messaging] AndroidManifest.xml:19:13-21:29
143                <action android:name="com.google.firebase.MESSAGING_EVENT" />
143-->[:firebase_messaging] AndroidManifest.xml:20:17-78
143-->[:firebase_messaging] AndroidManifest.xml:20:25-75
144            </intent-filter>
145        </service>
146        <service
146-->[com.google.android.datatransport:transport-backend-cct:3.0.0] AndroidManifest.xml:29:9-35:19
147            android:name="com.google.android.datatransport.runtime.backends.TransportBackendDiscovery"
147-->[com.google.android.datatransport:transport-backend-cct:3.0.0] AndroidManifest.xml:30:13-103
148            android:exported="false" >
148-->[com.google.android.datatransport:transport-backend-cct:3.0.0] AndroidManifest.xml:31:13-37
149            <meta-data
149-->[com.google.android.datatransport:transport-backend-cct:3.0.0] AndroidManifest.xml:32:13-34:39
150                android:name="backend:com.google.android.datatransport.cct.CctBackendFactory"
150-->[com.google.android.datatransport:transport-backend-cct:3.0.0] AndroidManifest.xml:33:17-94
151                android:value="cct" />
151-->[com.google.android.datatransport:transport-backend-cct:3.0.0] AndroidManifest.xml:34:17-36
152        </service>
153
154        <provider
154-->[com.google.firebase:firebase-common:20.0.0] AndroidManifest.xml:26:9-31:39
155            android:name="com.google.firebase.provider.FirebaseInitProvider"
155-->[com.google.firebase:firebase-common:20.0.0] AndroidManifest.xml:27:13-77
156            android:authorities="com.example.merchant_demo_app.firebaseinitprovider"
156-->[com.google.firebase:firebase-common:20.0.0] AndroidManifest.xml:28:13-72
157            android:directBootAware="true"
157-->[com.google.firebase:firebase-common:20.0.0] AndroidManifest.xml:29:13-43
158            android:exported="false"
158-->[com.google.firebase:firebase-common:20.0.0] AndroidManifest.xml:30:13-37
159            android:initOrder="100" />
159-->[com.google.firebase:firebase-common:20.0.0] AndroidManifest.xml:31:13-36
160
161        <meta-data
161-->[com.google.android.gms:play-services-basement:17.0.0] AndroidManifest.xml:23:9-25:69
162            android:name="com.google.android.gms.version"
162-->[com.google.android.gms:play-services-basement:17.0.0] AndroidManifest.xml:24:13-58
163            android:value="@integer/google_play_services_version" />
163-->[com.google.android.gms:play-services-basement:17.0.0] AndroidManifest.xml:25:13-66
164
165        <service
165-->[com.google.android.datatransport:transport-runtime:3.0.0] AndroidManifest.xml:26:9-30:19
166            android:name="com.google.android.datatransport.runtime.scheduling.jobscheduling.JobInfoSchedulerService"
166-->[com.google.android.datatransport:transport-runtime:3.0.0] AndroidManifest.xml:27:13-117
167            android:exported="false"
167-->[com.google.android.datatransport:transport-runtime:3.0.0] AndroidManifest.xml:28:13-37
168            android:permission="android.permission.BIND_JOB_SERVICE" >
168-->[com.google.android.datatransport:transport-runtime:3.0.0] AndroidManifest.xml:29:13-69
169        </service>
170
171        <receiver
171-->[com.google.android.datatransport:transport-runtime:3.0.0] AndroidManifest.xml:32:9-34:40
172            android:name="com.google.android.datatransport.runtime.scheduling.jobscheduling.AlarmManagerSchedulerBroadcastReceiver"
172-->[com.google.android.datatransport:transport-runtime:3.0.0] AndroidManifest.xml:33:13-132
173            android:exported="false" />
173-->[com.google.android.datatransport:transport-runtime:3.0.0] AndroidManifest.xml:34:13-37
174    </application>
175
176</manifest>